# JRE version: OpenJDK Runtime Environment Corretto-18.0.2.9.1 (18.0.2+9) (build 18.0.2+9-FR)
# Java VM: OpenJDK 64-Bit Server VM Corretto-18.0.2.9.1 (18.0.2+9-FR, mixed mode, emulated-client, sharing, tiered, compressed oops, compressed class ptrs, g1 gc, windows-amd64)
GC Precious Log:
 CardTable entry size: 512
 Card Set container configuration: InlinePtr #cards 4 size 8 Array Of Cards #cards 16 size 48 Howl #buckets 8 coarsen threshold 3686 Howl Bitmap #cards 512 size 80 coarsen threshold 460 Card regions per heap region 1 cards per card region 4096
 CPUs: 12 total, 12 available
 Memory: 16201M
 Large Page Support: Disabled
 NUMA Support: Disabled
 Compressed Oops: Enabled (Zero based)
 Heap Region Size: 2M
 Heap Min Capacity: 8M
 Heap Initial Capacity: 254M
 Heap Max Capacity: 4052M
 Pre-touch: Disabled
 Parallel Workers: 10
 Concurrent Workers: 3
 Concurrent Refinement Workers: 10
 Periodic GC: Disabled
Heap:
 garbage-first heap   total 61440K, used 20265K [0x0000000702c00000, 0x0000000800000000)
  region size 2048K, 2 young (4096K), 2 survivors (4096K)
 Metaspace       used 35530K, committed 35968K, reserved 1114112K
  class space    used 4551K, committed 4736K, reserved 1048576K
GC Heap History (15 events):
Event: 9.444 GC heap before
{Heap before GC invocations=0 (full 0):
 garbage-first heap   total 260096K, used 22528K [0x0000000702c00000, 0x0000000800000000)
  region size 2048K, 11 young (22528K), 0 survivors (0K)
 Metaspace       used 7627K, committed 7872K, reserved 1114112K
  class space    used 785K, committed 896K, reserved 1048576K
}
Event: 9.450 GC heap after
{Heap after GC invocations=1 (full 0):
 garbage-first heap   total 260096K, used 8762K [0x0000000702c00000, 0x0000000800000000)
  region size 2048K, 2 young (4096K), 2 survivors (4096K)
 Metaspace       used 7627K, committed 7872K, reserved 1114112K
  class space    used 785K, committed 896K, reserved 1048576K
}
Event: 9.906 GC heap before
{Heap before GC invocations=1 (full 0):
 garbage-first heap   total 260096K, used 29242K [0x0000000702c00000, 0x0000000800000000)
  region size 2048K, 12 young (24576K), 2 survivors (4096K)
 Metaspace       used 12951K, committed 13184K, reserved 1114112K
  class space    used 1452K, committed 1600K, reserved 1048576K
}
Event: 9.909 GC heap after
{Heap after GC invocations=2 (full 0):
 garbage-first heap   total 260096K, used 10573K [0x0000000702c00000, 0x0000000800000000)
  region size 2048K, 1 young (2048K), 1 survivors (2048K)
 Metaspace       used 12951K, committed 13184K, reserved 1114112K
  class space    used 1452K, committed 1600K, reserved 1048576K
}
Event: 10.517 GC heap before
{Heap before GC invocations=2 (full 0):
 garbage-first heap   total 260096K, used 53581K [0x0000000702c00000, 0x0000000800000000)
  region size 2048K, 23 young (47104K), 1 survivors (2048K)
 Metaspace       used 21195K, committed 21504K, reserved 1114112K
  class space    used 2666K, committed 2816K, reserved 1048576K
}
Event: 10.522 GC heap after
{Heap after GC invocations=3 (full 0):
 garbage-first heap   total 260096K, used 13269K [0x0000000702c00000, 0x0000000800000000)
  region size 2048K, 3 young (6144K), 3 survivors (6144K)
 Metaspace       used 21195K, committed 21504K, reserved 1114112K
  class space    used 2666K, committed 2816K, reserved 1048576K
}
Event: 10.846 GC heap before
{Heap before GC invocations=4 (full 0):
 garbage-first heap   total 61440K, used 48085K [0x0000000702c00000, 0x0000000800000000)
  region size 2048K, 20 young (40960K), 3 survivors (6144K)
 Metaspace       used 28693K, committed 28992K, reserved 1114112K
  class space    used 3598K, committed 3776K, reserved 1048576K
}
Event: 10.853 GC heap after
{Heap after GC invocations=5 (full 0):
 garbage-first heap   total 61440K, used 16263K [0x0000000702c00000, 0x0000000800000000)
  region size 2048K, 3 young (6144K), 3 survivors (6144K)
 Metaspace       used 28693K, committed 28992K, reserved 1114112K
  class space    used 3598K, committed 3776K, reserved 1048576K
}
Event: 10.894 GC heap before
{Heap before GC invocations=5 (full 0):
 garbage-first heap   total 61440K, used 18311K [0x0000000702c00000, 0x0000000800000000)
  region size 2048K, 4 young (8192K), 3 survivors (6144K)
 Metaspace       used 29086K, committed 29440K, reserved 1114112K
  class space    used 3658K, committed 3840K, reserved 1048576K
}
Event: 10.905 GC heap after
{Heap after GC invocations=6 (full 0):
 garbage-first heap   total 61440K, used 16621K [0x0000000702c00000, 0x0000000800000000)
  region size 2048K, 1 young (2048K), 1 survivors (2048K)
 Metaspace       used 29086K, committed 29440K, reserved 1114112K
  class space    used 3658K, committed 3840K, reserved 1048576K
}
Event: 11.286 GC heap before
{Heap before GC invocations=6 (full 0):
 garbage-first heap   total 61440K, used 37101K [0x0000000702c00000, 0x0000000800000000)
  region size 2048K, 12 young (24576K), 1 survivors (2048K)
 Metaspace       used 31376K, committed 31744K, reserved 1114112K
  class space    used 3966K, committed 4160K, reserved 1048576K
}
Event: 11.290 GC heap after
{Heap after GC invocations=7 (full 0):
 garbage-first heap   total 61440K, used 18178K [0x0000000702c00000, 0x0000000800000000)
  region size 2048K, 2 young (4096K), 2 survivors (4096K)
 Metaspace       used 31376K, committed 31744K, reserved 1114112K
  class space    used 3966K, committed 4160K, reserved 1048576K
}
Event: 11.752 GC heap before
{Heap before GC invocations=7 (full 0):
 garbage-first heap   total 61440K, used 38658K [0x0000000702c00000, 0x0000000800000000)
  region size 2048K, 13 young (26624K), 2 survivors (4096K)
 Metaspace       used 33927K, committed 34304K, reserved 1114112K
  class space    used 4319K, committed 4544K, reserved 1048576K
}
Event: 11.760 GC heap after
{Heap after GC invocations=8 (full 0):
 garbage-first heap   total 61440K, used 19222K [0x0000000702c00000, 0x0000000800000000)
  region size 2048K, 1 young (2048K), 1 survivors (2048K)
 Metaspace       used 33927K, committed 34304K, reserved 1114112K
  class space    used 4319K, committed 4544K, reserved 1048576K
}
Event: 12.230 GC heap before
{Heap before GC invocations=8 (full 0):
 garbage-first heap   total 61440K, used 31510K [0x0000000702c00000, 0x0000000800000000)
  region size 2048K, 8 young (16384K), 1 survivors (2048K)
 Metaspace       used 35530K, committed 35968K, reserved 1114112K
  class space    used 4551K, committed 4736K, reserved 1048576K
}

