# JRE version: OpenJDK Runtime Environment Corretto-18.0.2.9.1 (18.0.2+9) (build 18.0.2+9-FR)
# Java VM: OpenJDK 64-Bit Server VM Corretto-18.0.2.9.1 (18.0.2+9-FR, mixed mode, emulated-client, sharing, tiered, compressed oops, compressed class ptrs, g1 gc, windows-amd64)
GC Precious Log:
 CardTable entry size: 512
 Card Set container configuration: InlinePtr #cards 4 size 8 Array Of Cards #cards 16 size 48 Howl #buckets 8 coarsen threshold 3686 Howl Bitmap #cards 512 size 80 coarsen threshold 460 Card regions per heap region 1 cards per card region 4096
 CPUs: 12 total, 12 available
 Memory: 16201M
 Large Page Support: Disabled
 NUMA Support: Disabled
 Compressed Oops: Enabled (Zero based)
 Heap Region Size: 2M
 Heap Min Capacity: 8M
 Heap Initial Capacity: 254M
 Heap Max Capacity: 4052M
 Pre-touch: Disabled
 Parallel Workers: 10
 Concurrent Workers: 3
 Concurrent Refinement Workers: 10
 Periodic GC: Disabled
Heap:
 garbage-first heap   total 176128K, used 71950K [0x0000000702c00000, 0x0000000800000000)
  region size 2048K, 5 young (10240K), 5 survivors (10240K)
 Metaspace       used 63223K, committed 63808K, reserved 1114112K
  class space    used 8172K, committed 8448K, reserved 1048576K
GC Heap History (20 events):
Event: 3.414 GC heap after
{Heap after GC invocations=13 (full 0):
 garbage-first heap   total 163840K, used 33461K [0x0000000702c00000, 0x0000000800000000)
  region size 2048K, 1 young (2048K), 1 survivors (2048K)
 Metaspace       used 44733K, committed 45376K, reserved 1114112K
  class space    used 5836K, committed 6144K, reserved 1048576K
}
Event: 3.656 GC heap before
{Heap before GC invocations=13 (full 0):
 garbage-first heap   total 163840K, used 117429K [0x0000000702c00000, 0x0000000800000000)
  region size 2048K, 42 young (86016K), 1 survivors (2048K)
 Metaspace       used 44733K, committed 45376K, reserved 1114112K
  class space    used 5836K, committed 6144K, reserved 1048576K
}
Event: 3.658 GC heap after
{Heap after GC invocations=14 (full 0):
 garbage-first heap   total 163840K, used 33182K [0x0000000702c00000, 0x0000000800000000)
  region size 2048K, 1 young (2048K), 1 survivors (2048K)
 Metaspace       used 44733K, committed 45376K, reserved 1114112K
  class space    used 5836K, committed 6144K, reserved 1048576K
}
Event: 4.062 GC heap before
{Heap before GC invocations=14 (full 0):
 garbage-first heap   total 163840K, used 127390K [0x0000000702c00000, 0x0000000800000000)
  region size 2048K, 48 young (98304K), 1 survivors (2048K)
 Metaspace       used 46856K, committed 47424K, reserved 1114112K
  class space    used 6088K, committed 6400K, reserved 1048576K
}
Event: 4.063 GC heap after
{Heap after GC invocations=15 (full 0):
 garbage-first heap   total 163840K, used 37651K [0x0000000702c00000, 0x0000000800000000)
  region size 2048K, 3 young (6144K), 3 survivors (6144K)
 Metaspace       used 46856K, committed 47424K, reserved 1114112K
  class space    used 6088K, committed 6400K, reserved 1048576K
}
Event: 4.908 GC heap before
{Heap before GC invocations=15 (full 0):
 garbage-first heap   total 163840K, used 97043K [0x0000000702c00000, 0x0000000800000000)
  region size 2048K, 33 young (67584K), 3 survivors (6144K)
 Metaspace       used 60142K, committed 60736K, reserved 1114112K
  class space    used 7734K, committed 8064K, reserved 1048576K
}
Event: 4.911 GC heap after
{Heap after GC invocations=16 (full 0):
 garbage-first heap   total 163840K, used 39468K [0x0000000702c00000, 0x0000000800000000)
  region size 2048K, 4 young (8192K), 4 survivors (8192K)
 Metaspace       used 60142K, committed 60736K, reserved 1114112K
  class space    used 7734K, committed 8064K, reserved 1048576K
}
Event: 5.170 GC heap before
{Heap before GC invocations=17 (full 0):
 garbage-first heap   total 143360K, used 127532K [0x0000000702c00000, 0x0000000800000000)
  region size 2048K, 46 young (94208K), 4 survivors (8192K)
 Metaspace       used 62030K, committed 62656K, reserved 1114112K
  class space    used 8025K, committed 8320K, reserved 1048576K
}
Event: 5.174 GC heap after
{Heap after GC invocations=18 (full 0):
 garbage-first heap   total 143360K, used 45381K [0x0000000702c00000, 0x0000000800000000)
  region size 2048K, 6 young (12288K), 6 survivors (12288K)
 Metaspace       used 62030K, committed 62656K, reserved 1114112K
  class space    used 8025K, committed 8320K, reserved 1048576K
}
Event: 5.301 GC heap before
{Heap before GC invocations=18 (full 0):
 garbage-first heap   total 143360K, used 108869K [0x0000000702c00000, 0x0000000800000000)
  region size 2048K, 37 young (75776K), 6 survivors (12288K)
 Metaspace       used 62301K, committed 62912K, reserved 1114112K
  class space    used 8057K, committed 8384K, reserved 1048576K
}
Event: 5.306 GC heap after
{Heap after GC invocations=19 (full 0):
 garbage-first heap   total 143360K, used 49842K [0x0000000702c00000, 0x0000000800000000)
  region size 2048K, 5 young (10240K), 5 survivors (10240K)
 Metaspace       used 62301K, committed 62912K, reserved 1114112K
  class space    used 8057K, committed 8384K, reserved 1048576K
}
Event: 5.410 GC heap before
{Heap before GC invocations=19 (full 0):
 garbage-first heap   total 143360K, used 111282K [0x0000000702c00000, 0x0000000800000000)
  region size 2048K, 35 young (71680K), 5 survivors (10240K)
 Metaspace       used 62386K, committed 62976K, reserved 1114112K
  class space    used 8069K, committed 8384K, reserved 1048576K
}
Event: 5.415 GC heap after
{Heap after GC invocations=20 (full 0):
 garbage-first heap   total 176128K, used 53656K [0x0000000702c00000, 0x0000000800000000)
  region size 2048K, 5 young (10240K), 5 survivors (10240K)
 Metaspace       used 62386K, committed 62976K, reserved 1114112K
  class space    used 8069K, committed 8384K, reserved 1048576K
}
Event: 5.579 GC heap before
{Heap before GC invocations=20 (full 0):
 garbage-first heap   total 176128K, used 135576K [0x0000000702c00000, 0x0000000800000000)
  region size 2048K, 45 young (92160K), 5 survivors (10240K)
 Metaspace       used 62641K, committed 63232K, reserved 1114112K
  class space    used 8109K, committed 8384K, reserved 1048576K
}
Event: 5.584 GC heap after
{Heap after GC invocations=21 (full 0):
 garbage-first heap   total 176128K, used 59302K [0x0000000702c00000, 0x0000000800000000)
  region size 2048K, 5 young (10240K), 5 survivors (10240K)
 Metaspace       used 62641K, committed 63232K, reserved 1114112K
  class space    used 8109K, committed 8384K, reserved 1048576K
}
Event: 5.708 GC heap before
{Heap before GC invocations=21 (full 0):
 garbage-first heap   total 176128K, used 139174K [0x0000000702c00000, 0x0000000800000000)
  region size 2048K, 44 young (90112K), 5 survivors (10240K)
 Metaspace       used 62759K, committed 63360K, reserved 1114112K
  class space    used 8120K, committed 8448K, reserved 1048576K
}
Event: 5.714 GC heap after
{Heap after GC invocations=22 (full 0):
 garbage-first heap   total 176128K, used 63859K [0x0000000702c00000, 0x0000000800000000)
  region size 2048K, 5 young (10240K), 5 survivors (10240K)
 Metaspace       used 62759K, committed 63360K, reserved 1114112K
  class space    used 8120K, committed 8448K, reserved 1048576K
}
Event: 5.834 GC heap before
{Heap before GC invocations=22 (full 0):
 garbage-first heap   total 176128K, used 139635K [0x0000000702c00000, 0x0000000800000000)
  region size 2048K, 42 young (86016K), 5 survivors (10240K)
 Metaspace       used 62954K, committed 63552K, reserved 1114112K
  class space    used 8145K, committed 8448K, reserved 1048576K
}
Event: 5.838 GC heap after
{Heap after GC invocations=23 (full 0):
 garbage-first heap   total 176128K, used 67451K [0x0000000702c00000, 0x0000000800000000)
  region size 2048K, 5 young (10240K), 5 survivors (10240K)
 Metaspace       used 62954K, committed 63552K, reserved 1114112K
  class space    used 8145K, committed 8448K, reserved 1048576K
}
Event: 5.951 GC heap before
{Heap before GC invocations=23 (full 0):
 garbage-first heap   total 176128K, used 139131K [0x0000000702c00000, 0x0000000800000000)
  region size 2048K, 40 young (81920K), 5 survivors (10240K)
 Metaspace       used 63223K, committed 63808K, reserved 1114112K
  class space    used 8172K, committed 8448K, reserved 1048576K
}

